[debug] [2021-07-03T16:09:09.090Z] ----------------------------------------------------------------------
[debug] [2021-07-03T16:09:09.092Z] Command:       /usr/local/bin/node /usr/local/bin/firebase init
[debug] [2021-07-03T16:09:09.092Z] CLI Version:   9.14.0
[debug] [2021-07-03T16:09:09.092Z] Platform:      darwin
[debug] [2021-07-03T16:09:09.092Z] Node Version:  v16.3.0
[debug] [2021-07-03T16:09:09.093Z] Time:          Sat Jul 03 2021 11:09:09 GMT-0500 (Colombia Standard Time)
[debug] [2021-07-03T16:09:09.093Z] ----------------------------------------------------------------------
[debug] 
[debug] [2021-07-03T16:09:09.100Z] > command requires scopes: ["email","openid","https://www.googleapis.com/auth/cloudplatformprojects.readonly","https://www.googleapis.com/auth/firebase","https://www.googleapis.com/auth/cloud-platform"]
[debug] [2021-07-03T16:09:09.100Z] > authorizing via signed-in user (daniela.cayuela.tovar@gmail.com)
[info] 
     ######## #### ########  ######## ########     ###     ######  ########
     ##        ##  ##     ## ##       ##     ##  ##   ##  ##       ##
     ######    ##  ########  ######   ########  #########  ######  ######
     ##        ##  ##    ##  ##       ##     ## ##     ##       ## ##
     ##       #### ##     ## ######## ########  ##     ##  ######  ########

You're about to initialize a Firebase project in this directory:

  /Users/danielacayuelatovar/Desktop/CHALLENGE/Parkin-lot

[info] 
=== Project Setup
[info] 
[info] First, let's associate this project directory with a Firebase project.
[info] You can create multiple project aliases by running firebase use --add, 
[info] but for now we'll just set up a default project.
[info] 
[debug] [2021-07-03T16:09:29.454Z] >>> [apiv2][query] GET https://firebase.googleapis.com/v1beta1/projects pageSize=100
[debug] [2021-07-03T16:09:29.940Z] <<< [apiv2][status] GET https://firebase.googleapis.com/v1beta1/projects 200
[debug] [2021-07-03T16:09:29.940Z] <<< [apiv2][body] GET https://firebase.googleapis.com/v1beta1/projects [omitted]
[info] i  Using project parking-lots-cff93 (Parking lots) 
[info] 
=== Hosting:github Setup
[info] 
[info] i  Detected a .git folder at /Users/danielacayuelatovar/Desktop/CHALLENGE/Parkin-lot 
[info] i  Authorizing with GitHub to upload your service account to a GitHub repository's secrets store. 
[info] 
[info] Visit this URL on this device to log in:
[info] https://github.com/login/oauth/authorize?client_id=89cf50f02ac6aaed3484&state=89494074&redirect_uri=http%3A%2F%2Flocalhost%3A9005&scope=read%3Auser%20repo%20public_repo
[info] 
[info] Waiting for authentication...
